# JRE version: OpenJDK Runtime Environment (11.0.10) (build 11.0.10+0-b96-7249189)
# Java VM: OpenJDK 64-Bit Server VM (11.0.10+0-b96-7249189, mixed mode, tiered, compressed oops, g1 gc, windows-amd64)
Heap:
 garbage-first heap   total 438272K, used 295699K [0x0000000080000000, 0x0000000100000000)
  region size 1024K, 41 young (41984K), 9 survivors (9216K)
 Metaspace       used 99965K, capacity 102677K, committed 102988K, reserved 1138688K
  class space    used 13059K, capacity 14054K, committed 14156K, reserved 1048576K
GC Heap History (20 events):
Event: 13.071 GC heap before
{Heap before GC invocations=17 (full 0):
 garbage-first heap   total 334848K, used 247471K [0x0000000080000000, 0x0000000100000000)
  region size 1024K, 144 young (147456K), 23 survivors (23552K)
 Metaspace       used 93539K, capacity 95790K, committed 95820K, reserved 1132544K
  class space    used 12253K, capacity 13114K, committed 13132K, reserved 1048576K
}
Event: 13.161 GC heap after
{Heap after GC invocations=18 (full 0):
 garbage-first heap   total 334848K, used 174080K [0x0000000080000000, 0x0000000100000000)
  region size 1024K, 18 young (18432K), 18 survivors (18432K)
 Metaspace       used 93539K, capacity 95790K, committed 95820K, reserved 1132544K
  class space    used 12253K, capacity 13114K, committed 13132K, reserved 1048576K
}
Event: 13.470 GC heap before
{Heap before GC invocations=18 (full 0):
 garbage-first heap   total 334848K, used 236544K [0x0000000080000000, 0x0000000100000000)
  region size 1024K, 80 young (81920K), 18 survivors (18432K)
 Metaspace       used 94483K, capacity 96779K, committed 97100K, reserved 1132544K
  class space    used 12396K, capacity 13271K, committed 13388K, reserved 1048576K
}
Event: 13.537 GC heap after
{Heap after GC invocations=19 (full 0):
 garbage-first heap   total 334848K, used 205312K [0x0000000080000000, 0x0000000100000000)
  region size 1024K, 10 young (10240K), 10 survivors (10240K)
 Metaspace       used 94483K, capacity 96779K, committed 97100K, reserved 1132544K
  class space    used 12396K, capacity 13271K, committed 13388K, reserved 1048576K
}
Event: 14.152 GC heap before
{Heap before GC invocations=20 (full 0):
 garbage-first heap   total 334848K, used 235008K [0x0000000080000000, 0x0000000100000000)
  region size 1024K, 59 young (60416K), 10 survivors (10240K)
 Metaspace       used 95928K, capacity 98367K, committed 98636K, reserved 1134592K
  class space    used 12608K, capacity 13537K, committed 13644K, reserved 1048576K
}
Event: 14.177 GC heap after
{Heap after GC invocations=21 (full 0):
 garbage-first heap   total 438272K, used 192512K [0x0000000080000000, 0x0000000100000000)
  region size 1024K, 7 young (7168K), 7 survivors (7168K)
 Metaspace       used 95928K, capacity 98367K, committed 98636K, reserved 1134592K
  class space    used 12608K, capacity 13537K, committed 13644K, reserved 1048576K
}
Event: 14.726 GC heap before
{Heap before GC invocations=21 (full 0):
 garbage-first heap   total 438272K, used 290816K [0x0000000080000000, 0x0000000100000000)
  region size 1024K, 98 young (100352K), 7 survivors (7168K)
 Metaspace       used 96942K, capacity 99448K, committed 99788K, reserved 1134592K
  class space    used 12715K, capacity 13633K, committed 13772K, reserved 1048576K
}
Event: 14.758 GC heap after
{Heap after GC invocations=22 (full 0):
 garbage-first heap   total 438272K, used 207872K [0x0000000080000000, 0x0000000100000000)
  region size 1024K, 13 young (13312K), 13 survivors (13312K)
 Metaspace       used 96942K, capacity 99448K, committed 99788K, reserved 1134592K
  class space    used 12715K, capacity 13633K, committed 13772K, reserved 1048576K
}
Event: 15.430 GC heap before
{Heap before GC invocations=22 (full 0):
 garbage-first heap   total 438272K, used 287744K [0x0000000080000000, 0x0000000100000000)
  region size 1024K, 90 young (92160K), 13 survivors (13312K)
 Metaspace       used 97752K, capacity 100286K, committed 100556K, reserved 1136640K
  class space    used 12798K, capacity 13737K, committed 13772K, reserved 1048576K
}
Event: 15.456 GC heap after
{Heap after GC invocations=23 (full 0):
 garbage-first heap   total 438272K, used 217723K [0x0000000080000000, 0x0000000100000000)
  region size 1024K, 13 young (13312K), 13 survivors (13312K)
 Metaspace       used 97752K, capacity 100286K, committed 100556K, reserved 1136640K
  class space    used 12798K, capacity 13737K, committed 13772K, reserved 1048576K
}
Event: 16.218 GC heap before
{Heap before GC invocations=24 (full 0):
 garbage-first heap   total 438272K, used 268923K [0x0000000080000000, 0x0000000100000000)
  region size 1024K, 63 young (64512K), 13 survivors (13312K)
 Metaspace       used 98414K, capacity 101084K, committed 101196K, reserved 1136640K
  class space    used 12871K, capacity 13839K, committed 13900K, reserved 1048576K
}
Event: 16.237 GC heap after
{Heap after GC invocations=25 (full 0):
 garbage-first heap   total 438272K, used 218012K [0x0000000080000000, 0x0000000100000000)
  region size 1024K, 7 young (7168K), 7 survivors (7168K)
 Metaspace       used 98414K, capacity 101084K, committed 101196K, reserved 1136640K
  class space    used 12871K, capacity 13839K, committed 13900K, reserved 1048576K
}
Event: 17.049 GC heap before
{Heap before GC invocations=26 (full 0):
 garbage-first heap   total 438272K, used 337820K [0x0000000080000000, 0x0000000100000000)
  region size 1024K, 104 young (106496K), 7 survivors (7168K)
 Metaspace       used 99458K, capacity 102183K, committed 102348K, reserved 1138688K
  class space    used 12992K, capacity 14001K, committed 14028K, reserved 1048576K
}
Event: 17.071 GC heap after
{Heap after GC invocations=27 (full 0):
 garbage-first heap   total 438272K, used 249152K [0x0000000080000000, 0x0000000100000000)
  region size 1024K, 13 young (13312K), 13 survivors (13312K)
 Metaspace       used 99458K, capacity 102183K, committed 102348K, reserved 1138688K
  class space    used 12992K, capacity 14001K, committed 14028K, reserved 1048576K
}
Event: 17.087 GC heap before
{Heap before GC invocations=27 (full 0):
 garbage-first heap   total 438272K, used 257344K [0x0000000080000000, 0x0000000100000000)
  region size 1024K, 21 young (21504K), 13 survivors (13312K)
 Metaspace       used 99458K, capacity 102183K, committed 102348K, reserved 1138688K
  class space    used 12992K, capacity 14001K, committed 14028K, reserved 1048576K
}
Event: 17.101 GC heap after
{Heap after GC invocations=28 (full 0):
 garbage-first heap   total 438272K, used 246200K [0x0000000080000000, 0x0000000100000000)
  region size 1024K, 2 young (2048K), 2 survivors (2048K)
 Metaspace       used 99458K, capacity 102183K, committed 102348K, reserved 1138688K
  class space    used 12992K, capacity 14001K, committed 14028K, reserved 1048576K
}
Event: 17.107 GC heap before
{Heap before GC invocations=28 (full 0):
 garbage-first heap   total 438272K, used 250296K [0x0000000080000000, 0x0000000100000000)
  region size 1024K, 7 young (7168K), 2 survivors (2048K)
 Metaspace       used 99458K, capacity 102183K, committed 102348K, reserved 1138688K
  class space    used 12992K, capacity 14001K, committed 14028K, reserved 1048576K
}
Event: 17.111 GC heap after
{Heap after GC invocations=29 (full 0):
 garbage-first heap   total 438272K, used 246938K [0x0000000080000000, 0x0000000100000000)
  region size 1024K, 3 young (3072K), 3 survivors (3072K)
 Metaspace       used 99458K, capacity 102183K, committed 102348K, reserved 1138688K
  class space    used 12992K, capacity 14001K, committed 14028K, reserved 1048576K
}
Event: 17.318 GC heap before
{Heap before GC invocations=29 (full 0):
 garbage-first heap   total 438272K, used 331930K [0x0000000080000000, 0x0000000100000000)
  region size 1024K, 72 young (73728K), 3 survivors (3072K)
 Metaspace       used 99470K, capacity 102183K, committed 102348K, reserved 1138688K
  class space    used 12992K, capacity 14001K, committed 14028K, reserved 1048576K
}
Event: 17.328 GC heap after
{Heap after GC invocations=30 (full 0):
 garbage-first heap   total 438272K, used 267027K [0x0000000080000000, 0x0000000100000000)
  region size 1024K, 9 young (9216K), 9 survivors (9216K)
 Metaspace       used 99470K, capacity 102183K, committed 102348K, reserved 1138688K
  class space    used 12992K, capacity 14001K, committed 14028K, reserved 1048576K
}

